Input System module state changed to: Initialized.
[Physics::Module] Initialized fallback backend.
[Physics::Module] Id: 0xdecafbad
Initialize engine version: 6000.2.12f1 (e89d5df0e333)
[Subsystems] Discovering subsystems at path D:/Compressed/GRIME-2-SteamRIP.com/GRIME II/GRIME II_Data/UnitySubsystems
[D3D12 Device Filter] Vendor Name: NVIDIA
[D3D12 Device Filter] Device Name: NVIDIA GeForce RTX 4050 Laptop GPU
[D3D12 Device Filter] Driver Version: 32.0.15.9597
[D3D12 Device Filter] Feature Level: 12.1
[D3D12 Device Filter] Graphics Memory: 5920 MB
[D3D12 Device Filter] Processor Count: 12
[D3D12 Device Filter] Device Type: Discrete
GfxDevice: creating device client; kGfxThreadingModeThreaded
Direct3D:
    Version:  Direct3D 11.0 [level 11.1]
    Renderer: NVIDIA GeForce RTX 4050 Laptop GPU (ID=0x28a1)
    Vendor:   NVIDIA
    VRAM:     5920 MB
    Driver:   32.0.15.9597
[Physics::Module] Selected backend.
[Physics::Module] Name: PhysX
[Physics::Module] Id: 0xf2b8ea05
[Physics::Module] SDK Version: 4.1.2
[Physics::Module] Integration Version: 1.0.0
[Physics::Module] Threading Mode: Multi-Threaded
<RI> Initializing input.
Using Windows.Gaming.Input
<RI> Input initialized.
Odin Serializer ArchitectureInfo initialization with defaults (all unaligned read/writes disabled).
ProgressionData:get_SlotEditor() (at C:/Users/Tiltan/GRIME 2/Assets/System/Scripts/Persistence/ProgressionData.cs:15)
UnityEngine.DebugLogHandler:LogFormat(LogType, Object, String, Object[])
UnityEngine.Logger:Log(LogType, Object)
GlobalParameters:LoadInstance(GlobalParameters) (at C:/Users/Tiltan/GRIME 2/Assets/System/Scripts/Gameplay/ScriptableObjects/Others/GlobalParameters.cs:32)
UnityEngine.AddressableAssets.AssetReference:set_OperationHandle(AsyncOperationHandle) (at ./Library/PackageCache/com.unity.addressables@45e9abf44299/Runtime/AssetReference.cs:348)
UnityMeshSimplifier.UVChannels`1:set_Item(Int32, ResizableArray`1) (at C:/Users/Tiltan/GRIME 2/Assets/System/Packages/PolyFew/ThirdParty/Whinarn_UnityMeshSimplifier/Runtime/Structures/UVChannels.cs:63)
UnityEngine.InputSystem.LowLevel.SelectObservable`2:Subscribe(IObserver`1) (at ./Library/PackageCache/com.unity.inputsystem@be6c4fd0abf5/InputSystem/Utilities/Observables/SelectObservable.cs:18)
UnityEngine.InputSystem.LowLevel.SelectObservable`2:Subscribe(IObserver`1) (at ./Library/PackageCache/com.unity.inputsystem@be6c4fd0abf5/InputSystem/Utilities/Observables/SelectObservable.cs:18)
UnityEngine.ResourceManagement.AsyncOperations.AsyncOperationHandle`1:System.Collections.IEnumerator.Reset() (at ./Library/PackageCache/com.unity.addressables@45e9abf44299/Runtime/ResourceManager/AsyncOperations/AsyncOperationHandle.cs:313)
UnityEngine.ResourceManagement.AsyncOperations.AsyncOperationHandle`1:System.Collections.IEnumerator.Reset() (at ./Library/PackageCache/com.unity.addressables@45e9abf44299/Runtime/ResourceManager/AsyncOperations/AsyncOperationHandle.cs:313)
UnityEngine.ResourceManagement.CompletedOperation`1:Execute() (at ./Library/PackageCache/com.unity.addressables@45e9abf44299/Runtime/ResourceManager/ResourceManager.cs:474)
Sirenix.Serialization.DictionaryFormatter`2:DeserializeImplementation(Dictionary`2&, IDataReader)
UnityEngine.ResourceManagement.AsyncOperations.AsyncOperationHandle`1:System.Collections.IEnumerator.Reset() (at ./Library/PackageCache/com.unity.addressables@45e9abf44299/Runtime/ResourceManager/AsyncOperations/AsyncOperationHandle.cs:313)
UnityEngine.ResourceManagement.AsyncOperations.AsyncOperationHandle`1:System.Collections.IEnumerator.Reset() (at ./Library/PackageCache/com.unity.addressables@45e9abf44299/Runtime/ResourceManager/AsyncOperations/AsyncOperationHandle.cs:313)
Sirenix.Serialization.AnySerializer:ReadValueWeak(IDataReader)
Sirenix.Serialization.UnitySerializationUtility:DeserializeUnityObject(Object, IDataReader)
UnityEngine.ResourceManagement.ResourceProviders.BinaryAssetProvider`1:Convert(Type, Byte[]) (at ./Library/PackageCache/com.unity.addressables@45e9abf44299/Runtime/ResourceManager/ResourceProviders/BinaryAssetProvider.cs:22)
Sirenix.Serialization.UnitySerializationUtility:DeserializeUnityObject(Object, SerializationData&, DeserializationContext, Boolean, List`1)
Sirenix.Serialization.UnitySerializationUtility:DeserializeUnityObject(Object, SerializationData&, DeserializationContext)
Sirenix.OdinInspector.SerializedMonoBehaviour:UnityEngine.ISerializationCallbackReceiver.OnAfterDeserialize()

The referenced script on this Behaviour (Game Object 'GDK') is missing!
UnloadTime: 0.715100 ms
Odin Serializer detected whitelisted runtime platform WindowsPlayer and memory read test succeeded; enabling all unaligned memory read/writes.
ProgressionData:get_SlotEditor() (at C:/Users/Tiltan/GRIME 2/Assets/System/Scripts/Persistence/ProgressionData.cs:15)
UnityEngine.DebugLogHandler:LogFormat(LogType, Object, String, Object[])
UnityEngine.Logger:Log(LogType, Object)
GlobalParameters:LoadInstance(GlobalParameters) (at C:/Users/Tiltan/GRIME 2/Assets/System/Scripts/Gameplay/ScriptableObjects/Others/GlobalParameters.cs:32)
Sirenix.Serialization.ArchitectureInfo:SetRuntimePlatform(RuntimePlatform)
UnityEngine.Rendering.GenericPool`1:.cctor() (at ./Library/PackageCache/com.unity.render-pipelines.core@8d70e2c352d2/Runtime/Common/ObjectPools.cs:119)

Game Version: 1.0.17360c
OS: Windows 11  (10.0.26200) 64bit
OS Family: Windows
Device Model: Nitro ANV15-51 (Acer)
Device Type: Desktop
Locale: en-GB
System Memory: 16087Mb
Processor Type: 13th Gen Intel(R) Core(TM) i5-13420H
Processor Frequency: 2611MHz
Processor Count: 12
Graphics Device Name: NVIDIA GeForce RTX 4050 Laptop GPU
Graphics Device Type: Direct3D11
Graphics Device Vender: NVIDIA
Graphics Device Version: Direct3D 11.0 [level 11.1]
Graphics Device Memory: 5920Mb
Graphics Device Shader Level: 50
Current Resolution: 1920x1080 (100Hz)
Fullscreen: True
Fullscreen Mode: FullScreenWindow
Native Resolution: 1920x1080
ProgressionData:get_SlotEditor() (at C:/Users/Tiltan/GRIME 2/Assets/System/Scripts/Persistence/ProgressionData.cs:15)
UnityEngine.DebugLogHandler:LogFormat(LogType, Object, String, Object[])
UnityEngine.Logger:Log(LogType, Object)
GlobalParameters:LoadInstance(GlobalParameters) (at C:/Users/Tiltan/GRIME 2/Assets/System/Scripts/Gameplay/ScriptableObjects/Others/GlobalParameters.cs:32)
BuildInformationLogger:DoBuildInformationLog() (at C:/Users/Tiltan/GRIME 2/Assets/System/Packages/KF Framework/Utilities/BuildInformationLogger.cs:33)

Unexpected timestamp values detected. This can occur in H.264 videos not encoded with the baseline profile. Timestamps will be skewed to correct the playback for D:\Compressed\GRIME-2-SteamRIP.com\GRIME II\GRIME II_Data\sharedassets0.resource
Color primaries 0 is unknown or unsupported by WindowsMediaFoundation. Falling back to default may result in color shift. D:\Compressed\GRIME-2-SteamRIP.com\GRIME II\GRIME II_Data\sharedassets0.resource
RenderGraph is now enabled.
ProgressionData:get_SlotEditor() (at C:/Users/Tiltan/GRIME 2/Assets/System/Scripts/Persistence/ProgressionData.cs:15)
UnityEngine.DebugLogHandler:LogFormat(LogType, Object, String, Object[])
UnityEngine.Logger:Log(LogType, Object)
GlobalParameters:LoadInstance(GlobalParameters) (at C:/Users/Tiltan/GRIME 2/Assets/System/Scripts/Gameplay/ScriptableObjects/Others/GlobalParameters.cs:32)
UnityEngine.Rendering.Universal.UniversalRenderPipeline:.ctor(UniversalRenderPipelineAsset) (at C:/Users/Tiltan/GRIME 2/Library/PackageCache/com.unity.render-pipelines.universal@6c02063a0a76/Runtime/UniversalRenderPipeline.cs:273)
UnityEngine.Rendering.Universal.UniversalRenderPipelineAsset:CreatePipeline() (at C:/Users/Tiltan/GRIME 2/Library/PackageCache/com.unity.render-pipelines.universal@6c02063a0a76/Runtime/Data/UniversalRenderPipelineAsset.cs:800)
UnityEngine.Rendering.RenderPipelineAsset:InternalCreatePipeline()
UnityEngine.AddressableAssets.AssetReference:set_OperationHandle(AsyncOperationHandle) (at ./Library/PackageCache/com.unity.addressables@45e9abf44299/Runtime/AssetReference.cs:348)
UnityEngine.Rendering.RenderPipelineManager:DoRenderLoop_Internal(RenderPipelineAsset, IntPtr, Object)

The referenced script (Unknown) on this Behaviour is missing!
The referenced script on this Behaviour (Game Object '<null>') is missing!
Unloading 5 Unused Serialized files (Serialized files now loaded: 180)
UnloadTime: 2.356000 ms
Unloading 1317 unused Assets to reduce memory usage. Loaded Objects now: 19018.
Total: 23.750400 ms (FindLiveObjects: 0.863800 ms CreateObjectMapping: 0.480600 ms MarkObjects: 18.253700 ms  DeleteObjects: 4.152100 ms)

Unloading 3 Unused Serialized files (Serialized files now loaded: 182)
UnloadTime: 4.386900 ms
Unloading 511 unused Assets to reduce memory usage. Loaded Objects now: 10913.
Total: 35.585900 ms (FindLiveObjects: 0.440800 ms CreateObjectMapping: 0.469400 ms MarkObjects: 20.863900 ms  DeleteObjects: 13.811200 ms)

Particle System 'Rise' is trying to spawn on a mesh with zero surface area
Particle System 'Smoke' is trying to spawn on a mesh with zero surface area
Particle System 'Splatter Bigger' is trying to spawn on a mesh with zero surface area
Particle System 'Splatter' is trying to spawn on a mesh with zero surface area
Setting linear velocity of a kinematic body is not supported.
Setting linear velocity of a kinematic body is not supported.
Setting linear velocity of a kinematic body is not supported.
Setting linear velocity of a kinematic body is not supported.
Setting linear velocity of a kinematic body is not supported.
Setting linear velocity of a kinematic body is not supported.
Setting linear velocity of a kinematic body is not supported.
Setting linear velocity of a kinematic body is not supported.
Setting linear velocity of a kinematic body is not supported.
Setting linear velocity of a kinematic body is not supported.
Setting linear velocity of a kinematic body is not supported.
Setting linear velocity of a kinematic body is not supported.
Setting linear velocity of a kinematic body is not supported.
Setting linear velocity of a kinematic body is not supported.
Setting linear velocity of a kinematic body is not supported.
Setting linear velocity of a kinematic body is not supported.
Setting linear velocity of a kinematic body is not supported.
Setting linear velocity of a kinematic body is not supported.
Setting linear velocity of a kinematic body is not supported.
Setting linear velocity of a kinematic body is not supported.
Setting linear velocity of a kinematic body is not supported.
Setting linear velocity of a kinematic body is not supported.
Setting linear velocity of a kinematic body is not supported.
Setting linear velocity of a kinematic body is not supported.
Setting linear velocity of a kinematic body is not supported.
Setting linear velocity of a kinematic body is not supported.
Setting linear velocity of a kinematic body is not supported.
Setting linear velocity of a kinematic body is not supported.
Setting linear velocity of a kinematic body is not supported.
Setting linear velocity of a kinematic body is not supported.
Setting linear velocity of a kinematic body is not supported.
Setting linear velocity of a kinematic body is not supported.
Setting linear velocity of a kinematic body is not supported.
Setting linear velocity of a kinematic body is not supported.
Setting linear velocity of a kinematic body is not supported.
Setting linear velocity of a kinematic body is not supported.
Setting linear velocity of a kinematic body is not supported.
Setting linear velocity of a kinematic body is not supported.
Setting linear velocity of a kinematic body is not supported.
Setting linear velocity of a kinematic body is not supported.
NullReferenceException: Object reference not set to an instance of an object.
  at CharacterScript_Player_ParryHandler.Parry (CharacterHandler hitterCharacter, System.Boolean isGraspCounter, System.Boolean isQuick) [0x00000] in C:/Users/Tiltan/GRIME 2/Assets/System/Scripts/Gameplay/Player/Character Scripts/CharacterScript_Player_ParryHandler.cs:616 
  at CharacterScript_Player_ParryHandler.FakeParry (System.Boolean isQuick) [0x00000] in C:/Users/Tiltan/GRIME 2/Assets/System/Scripts/Gameplay/Player/Character Scripts/CharacterScript_Player_ParryHandler.cs:608 
  at CharacterCombatHandler.TakeHit (HitParameters hitParams, System.Boolean delayed) [0x00000] in C:/Users/Tiltan/GRIME 2/Assets/System/Scripts/Gameplay/Character/CharacterCombatHandler.cs:545 
  at CharacterHandler.TakeHit (HitParameters hitParameters) [0x00000] in C:/Users/Tiltan/GRIME 2/Assets/System/Scripts/Gameplay/Character/CharacterHandler.cs:1426 
  at CombatHandler.HitCharacter (CharacterHandler target, HitParameters hitParameters) [0x00000] in C:/Users/Tiltan/GRIME 2/Assets/System/Scripts/Gameplay/Handlers/CombatHandler.cs:319 
  at ExtensionMethods.HitCharacter (UnityEngine.MonoBehaviour monoBehaviour, CharacterHandler target, HitParameters hitParameters) [0x00000] in C:/Users/Tiltan/GRIME 2/Assets/System/Scripts/Gameplay/Utility/Interfaces.cs:71 
  at Volume_DamageZone.HitObject (CharacterHandler target, System.Collections.Generic.List`1[T] hitNotes) [0x00000] in C:/Users/Tiltan/GRIME 2/Assets/System/Scripts/Gameplay/Volumes/Volume_DamageZone.cs:351 
  at Volume_DamageZone.OnCharacterEnter (CharacterHandler character) [0x00000] in C:/Users/Tiltan/GRIME 2/Assets/System/Scripts/Gameplay/Volumes/Volume_DamageZone.cs:187 
  at Volume_Base.EnterVolume (System.Boolean firedByPriority) [0x00000] in C:/Users/Tiltan/GRIME 2/Assets/System/Scripts/Gameplay/Volumes/Volume_Base.cs:385 
  at Volume_Base.OnTriggerEnter (UnityEngine.Collider col) [0x00000] in C:/Users/Tiltan/GRIME 2/Assets/System/Scripts/Gameplay/Volumes/Volume_Base.cs:315 

Setting linear velocity of a kinematic body is not supported.
Setting linear velocity of a kinematic body is not supported.
Setting linear velocity of a kinematic body is not supported.
Setting linear velocity of a kinematic body is not supported.
Setting linear velocity of a kinematic body is not supported.
Setting linear velocity of a kinematic body is not supported.
Adding null Transform to TransformAccessArray will result in degraded performance.
Adding null Transform to TransformAccessArray will result in degraded performance.
The referenced script on this Behaviour (Game Object 'PostProcess Volume (3)') is missing!
Unloading 3 Unused Serialized files (Serialized files now loaded: 193)
UnloadTime: 68.399200 ms
Unloading 32730 unused Assets to reduce memory usage. Loaded Objects now: 18091.
Total: 106.689900 ms (FindLiveObjects: 3.616500 ms CreateObjectMapping: 2.360000 ms MarkObjects: 46.518500 ms  DeleteObjects: 54.194600 ms)

Unloading 1 Unused Serialized files (Serialized files now loaded: 182)
UnloadTime: 2.004100 ms
Unloading 89 unused Assets to reduce memory usage. Loaded Objects now: 23844.
Total: 45.394800 ms (FindLiveObjects: 1.696900 ms CreateObjectMapping: 0.964300 ms MarkObjects: 41.080600 ms  DeleteObjects: 1.652600 ms)

[Physics::Module] Cleanup current backend.
[Physics::Module] Id: 0xf2b8ea05
Input System module state changed to: ShutdownInProgress.
Input System polling thread exited.
Input System module state changed to: Shutdown.
Internal: There are remaining Allocations on the JobTempAlloc. This is a leak, and will impact performance
To Debug, run app with -diag-job-temp-memory-leak-validation cmd line argument. This will output the callstacks of the leaked allocations.
