[3:40 PM] Version: 1.5.15.323
[3:42 PM] Material 'MM_NoisyCircleRipple_BIRP' with Shader 'MM/NoisyCircleRipple_BIRP' doesn't have a texture property '_MainTex'
[3:42 PM] 
[3:42 PM] Material 'MM_NoisyCircleRipple_BIRP' with Shader 'MM/NoisyCircleRipple_BIRP' doesn't have a texture property '_MainTex'
[3:42 PM] 
[3:42 PM] Material 'MM_NoisyCircleRipple_BIRP_2' with Shader 'MM/NoisyCircleRipple_BIRP' doesn't have a texture property '_MainTex'
[3:42 PM] 
[3:42 PM] Material 'MM_NoisyCircleRipple_BIRP_2' with Shader 'MM/NoisyCircleRipple_BIRP' doesn't have a texture property '_MainTex'
[3:42 PM] 
[3:42 PM] Material 'MM_NoisyCircleRipple_BIRP_3' with Shader 'MM/NoisyCircleRipple_BIRP' doesn't have a texture property '_MainTex'
[3:42 PM] 
[3:42 PM] Material 'MM_NoisyCircleRipple_BIRP_3' with Shader 'MM/NoisyCircleRipple_BIRP' doesn't have a texture property '_MainTex'
[3:42 PM] 
[3:42 PM] Coroutine couldn't be started because the the game object 'NPC Spine' is inactive!
[3:42 PM] 
[3:42 PM] Coroutine couldn't be started because the the game object 'BlacksmithNPC' is inactive!
[3:42 PM] 
[3:42 PM] Coroutine couldn't be started because the the game object 'NPC Spine' is inactive!
[3:42 PM] 
[3:42 PM] Coroutine couldn't be started because the the game object 'NPC Spine' is inactive!
[3:42 PM] 
[3:42 PM] Coroutine couldn't be started because the the game object 'NPC Spine' is inactive!
[3:42 PM] 
[3:42 PM] Coroutine couldn't be started because the the game object 'BlacksmithNPC' is inactive!
[3:42 PM] 
[3:42 PM] Coroutine couldn't be started because the the game object 'NPC Spine' is inactive!
[3:42 PM] 
[3:42 PM] Coroutine couldn't be started because the the game object 'Graveyard NPC Spine' is inactive!
[3:42 PM] 
[3:42 PM] DungeonSeed/Generated: -1332957476
[3:44 PM] DungeonSeed/Randomised: 1352263706
[3:44 PM] DungeonSeed/Regenerated: -640318807
[3:44 PM] Material 'VFX_ImpactFrame_UI' with Shader 'VFX/ImpactFrame_UI' doesn't have a texture property '_MainTex'
[3:44 PM] 
[3:45 PM] Material 'VFX_ImpactFrame_UI' with Shader 'VFX/ImpactFrame_UI' doesn't have a texture property '_MainTex'
[3:45 PM] 
[3:46 PM] Material 'VFX_ImpactFrame_UI' with Shader 'VFX/ImpactFrame_UI' doesn't have a texture property '_MainTex'
[3:46 PM] 
[3:47 PM] Coroutine continue failure
[3:47 PM] 
[3:47 PM] Coroutine continue failure
[3:47 PM] 
