Mono path[0] = 'C:/GOG Games/Hollow Knight/Hollow Knight_Data/Managed'
Mono config path = 'C:/GOG Games/Hollow Knight/MonoBleedingEdge/etc'
Initialize engine version: 2020.2.2f1 (068178b99f32)
[Subsystems] Discovering subsystems at path C:/GOG Games/Hollow Knight/Hollow Knight_Data/UnitySubsystems
GfxDevice: creating device client; threaded=1
Direct3D:
    Version:  Direct3D 11.0 [level 11.1]
    Renderer: NVIDIA GeForce RTX 4050 Laptop GPU (ID=0x28a1)
    Vendor:   
    VRAM:     5921 MB
    Driver:   32.0.15.7216
Begin MonoManager ReloadAssembly
- Completed reload, in  2.632 seconds
OnLevelWasLoaded was found on GameMap
This message has been deprecated and will be removed in a later version of Unity.
Add a delegate to SceneManager.sceneLoaded instead to get notifications after scene loading has completed

OnLevelWasLoaded was found on PlayMakerUnity2d
This message has been deprecated and will be removed in a later version of Unity.
Add a delegate to SceneManager.sceneLoaded instead to get notifications after scene loading has completed

D3D11 device created for Microsoft Media Foundation video decoding.
<RI> Initializing input.
<RI> Input initialized.
<RI> Initialized touch support.
The class named 'ConfigManager' is abstract. The script class can't be abstract!

UnloadTime: 4.165500 ms
Graphics tier changed to High

GOG signing in...

Selected online subsystem GOGGalaxyOnlineSubsystem

Discovered supported languages: DE, EN, ES, FR, IT, JA, KO, PT, RU, ZH

Unloading 5 Unused Serialized files (Serialized files now loaded: 0)
Loaded saved language code 'EN'

Restored language code 'EN'


Unloading 362 unused Assets to reduce memory usage. Loaded Objects now: 3824.
Total: 1.328100 ms (FindLiveObjects: 0.116900 ms CreateObjectMapping: 0.048300 ms MarkObjects: 1.079400 ms  DeleteObjects: 0.083100 ms)

UnloadTime: 3.743500 ms
DontDestroyOnLoad only works for root GameObjects or components on root GameObjects.

Performing automatic level start.

Setting up 6 worker threads for Enlighten.
  Thread -> id: 1a748 -> priority: 1 
  Thread -> id: 1fd98 -> priority: 1 
  Thread -> id: 202f8 -> priority: 1 
  Thread -> id: 15d00 -> priority: 1 
  Thread -> id: 1efec -> priority: 1 
  Thread -> id: 1e860 -> priority: 1 
