Mono path[0] = 'D:/SteamLibrary/steamapps/common/Hollow Knight Silksong/Hollow Knight Silksong_Data/Managed'
Mono config path = 'D:/SteamLibrary/steamapps/common/Hollow Knight Silksong/MonoBleedingEdge/etc'
Input System module state changed to: Initialized.
[Physics::Module] Initialized fallback backend.
[Physics::Module] Id: 0xdecafbad
Initialize engine version: 6000.0.50f1-uum-100966-branch1 (16f07294548e)
[Subsystems] Discovering subsystems at path D:/SteamLibrary/steamapps/common/Hollow Knight Silksong/Hollow Knight Silksong_Data/UnitySubsystems
GfxDevice: creating device client; kGfxThreadingModeThreaded
Direct3D:
    Version:  Direct3D 11.0 [level 11.1]
    Renderer: NVIDIA GeForce RTX 4050 Laptop GPU (ID=0x28a1)
    Vendor:   NVIDIA
    VRAM:     5920 MB
    Driver:   32.0.15.9174
Begin MonoManager ReloadAssembly
- Loaded All Assemblies, in 15.855 seconds
- Finished resetting the current domain, in  0.008 seconds
[Physics::Module] Selected backend.
[Physics::Module] Name: PhysX
[Physics::Module] Id: 0xf2b8ea05
[Physics::Module] SDK Version: 4.1.2
[Physics::Module] Integration Version: 1.0.0
[Physics::Module] Threading Mode: Multi-Threaded
<RI> Initializing input.
Using Windows.Gaming.Input
<RI> Input initialized.
<RI> Initialized touch support.
UnloadTime: 1.529000 ms
Steam initializing
Steam logged in as plantcraft94
Selected online subsystem SteamOnlineSubsystem
Steam stats received.
Unloading 5 Unused Serialized files (Serialized files now loaded: 515)
UnloadTime: 1.092500 ms
Discovered supported languages: DE, EN, ES, FR, IT, JA, KO, PT, RU, ZH
Loaded saved language code 'EN'
Restored language code 'EN'
Couldn't find a Game Manager, make sure one exists in the scene.
Couldn't find a Game Manager, make sure one exists in the scene.
Couldn't find GameCameras, make sure one exists in the scene.
Unloading 51 unused Assets to reduce memory usage. Loaded Objects now: 6492.
Total: 2.716400 ms (FindLiveObjects: 0.228500 ms CreateObjectMapping: 0.103500 ms MarkObjects: 2.355400 ms  DeleteObjects: 0.025900 ms)

Unloading 1 Unused Serialized files (Serialized files now loaded: 528)
Unloading 1 unused Assets to reduce memory usage. Loaded Objects now: 6505.
Total: 2.310200 ms (FindLiveObjects: 0.222000 ms CreateObjectMapping: 0.110400 ms MarkObjects: 1.960400 ms  DeleteObjects: 0.017100 ms)

Unloading 2 Unused Serialized files (Serialized files now loaded: 582)
Couldn't find GameCameras, make sure one exists in the scene.
Couldn't find a Game Manager, make sure one exists in the scene.
UnloadTime: 8.800700 ms
Loaded saved language code 'EN'
Restored language code 'EN'
Unloading 73 unused Assets to reduce memory usage. Loaded Objects now: 67996.
Total: 21.481500 ms (FindLiveObjects: 2.975900 ms CreateObjectMapping: 1.714800 ms MarkObjects: 16.036600 ms  DeleteObjects: 0.753900 ms)

MenuButton missing flashEffect!
Making UI menu lean.
Only custom filters can be played. Please add a custom filter or an audioclip to the audiosource (Audio Player Actor Distant V2(Clone)).
Only custom filters can be played. Please add a custom filter or an audioclip to the audiosource (Audio Player Actor Distant V2(Clone)).
Only custom filters can be played. Please add a custom filter or an audioclip to the audiosource (Audio Player Actor Distant V2(Clone)).
Started loading clips for Bone Record Bone_East_14
Started loading clips for Bone Record Greymoor_flooded_corridor
Started loading clips for Bone Record Understore_Map_Room
Started loading clips for Bone Record Wisp Top
Started loading clips for Weaver Totem Bonetown_upper_room
Started loading clips for Weaver Totem Witch
Started loading clips for Weaver Totem Slab_Bottom
Started loading clips for Seal Chit Aspid_01
Started loading clips for Seal Chit Ward Corpse
Started loading clips for Seal Chit City Merchant
Started loading clips for Seal Chit Silk Siphon
Started loading clips for Weaver Record Weave_08
Started loading clips for Weaver Record Sprint_Challenge
Started loading clips for Weaver Record Conductor
Started loading clips for Ancient Egg Abyss Middle
Started loading clips for Psalm Cylinder Librarian
Started loading clips for Psalm Cylinder Ward
Started loading clips for Psalm Cylinder Hang
Started loading clips for Psalm Cylinder Grindle
Started loading clips for Psalm Cylinder Library Roof
Started loading clips for Librarian Melody Cylinder
Finished loading gramaphone clip for Psalm Cylinder Librarian
Unloading 3 Unused Serialized files (Serialized files now loaded: 578)
Finished loading gramaphone clip for Psalm Cylinder Ward
Finished loading gramaphone clip for Psalm Cylinder Hang
Finished loading gramaphone clip for Psalm Cylinder Grindle
Finished loading gramaphone clip for Psalm Cylinder Library Roof
Finished loading gramaphone clip for Librarian Melody Cylinder
Finished loading needolin clip for Librarian Melody Cylinder
Unloading 276 unused Assets to reduce memory usage. Loaded Objects now: 112894.
Total: 39.460200 ms (FindLiveObjects: 5.065000 ms CreateObjectMapping: 4.000500 ms MarkObjects: 29.538100 ms  DeleteObjects: 0.856100 ms)

Converting Vertex Colors from Color32 to Color.
Converting Vertex Colors from Color32 to Color.
Converting Vertex Colors from Color32 to Color.
Freed clips for Bone Record Bone_East_14
Freed clips for Bone Record Greymoor_flooded_corridor
Freed clips for Bone Record Understore_Map_Room
Freed clips for Bone Record Wisp Top
Freed clips for Weaver Totem Bonetown_upper_room
Freed clips for Weaver Totem Witch
Freed clips for Weaver Totem Slab_Bottom
Freed clips for Seal Chit Aspid_01
Freed clips for Seal Chit Ward Corpse
Freed clips for Seal Chit City Merchant
Freed clips for Seal Chit Silk Siphon
Freed clips for Weaver Record Weave_08
Freed clips for Weaver Record Sprint_Challenge
Freed clips for Weaver Record Conductor
Freed clips for Ancient Egg Abyss Middle
Freed clips for Psalm Cylinder Librarian
Freed clips for Psalm Cylinder Ward
Freed clips for Psalm Cylinder Hang
Freed clips for Psalm Cylinder Grindle
Freed clips for Psalm Cylinder Library Roof
Freed clips for Librarian Melody Cylinder
Can not play a disabled audio source
Can not play a disabled audio source
Can not play a disabled audio source
Unloading 1 Unused Serialized files (Serialized files now loaded: 646)
UnloadTime: 7.719200 ms
Unloading 9541 unused Assets to reduce memory usage. Loaded Objects now: 142419.
Total: 98.804100 ms (FindLiveObjects: 11.723100 ms CreateObjectMapping: 7.239500 ms MarkObjects: 54.469700 ms  DeleteObjects: 25.371100 ms)

Unexpected timestamp values detected. This can occur in H.264 videos not encoded with the baseline profile. Timestamps will be skewed to correct the playback for archive:/CAB-965c2a5f50b73f63c5ea1427a8f3d5b1/CAB-965c2a5f50b73f63c5ea1427a8f3d5b1.resource
Unloading 2 Unused Serialized files (Serialized files now loaded: 635)
Unloading 56 unused Assets to reduce memory usage. Loaded Objects now: 154375.
Total: 56.682500 ms (FindLiveObjects: 8.066900 ms CreateObjectMapping: 3.422800 ms MarkObjects: 44.399000 ms  DeleteObjects: 0.793100 ms)

Cannot set the parent of the GameObject 'Pt Emerge' while activating or deactivating the parent GameObject 'Gilly'.
Attempting to set `time` on an audio source that has a resource assigned that is not a clip is ignored!
Attempting to set `time` on an audio source that has a resource assigned that is not a clip is ignored!
Dashing finished! Reducing speed from 30 to 16.089
Dashing finished! Reducing speed from 30 to 16.275
Dashing finished! Reducing speed from 30 to 16.461
Dashing finished! Reducing speed from 30 to 16.74
Dashing finished! Reducing speed from 30 to 16.926
Dashing finished! Reducing speed from 30 to 16.926
Can not play a disabled audio source
Can not play a disabled audio source
Attempting to set `time` on an audio source that has a resource assigned that is not a clip is ignored!
Attempting to set `time` on an audio source that has a resource assigned that is not a clip is ignored!
Attempting to set `time` on an audio source that has a resource assigned that is not a clip is ignored!
Unloading 1 Unused Serialized files (Serialized files now loaded: 645)
Unloading 3451 unused Assets to reduce memory usage. Loaded Objects now: 154362.
Total: 69.416400 ms (FindLiveObjects: 9.211000 ms CreateObjectMapping: 2.940000 ms MarkObjects: 43.469500 ms  DeleteObjects: 13.795000 ms)

Unloading 1 Unused Serialized files (Serialized files now loaded: 662)
Scene Manager missing from scene Bellway_03
Scene Manager missing from scene Bellway_03
UnloadTime: 8.349100 ms
Unloading 4954 unused Assets to reduce memory usage. Loaded Objects now: 141708.
Total: 50.329000 ms (FindLiveObjects: 7.955300 ms CreateObjectMapping: 4.913500 ms MarkObjects: 29.218400 ms  DeleteObjects: 8.241300 ms)

Unexpected timestamp values detected. This can occur in H.264 videos not encoded with the baseline profile. Timestamps will be skewed to correct the playback for archive:/CAB-965c2a5f50b73f63c5ea1427a8f3d5b1/CAB-965c2a5f50b73f63c5ea1427a8f3d5b1.resource
Unloading 1 Unused Serialized files (Serialized files now loaded: 628)
Unloading 162 unused Assets to reduce memory usage. Loaded Objects now: 150985.
Total: 53.087800 ms (FindLiveObjects: 7.653000 ms CreateObjectMapping: 3.710900 ms MarkObjects: 41.174400 ms  DeleteObjects: 0.549200 ms)

Can not play a disabled audio source
Can not play a disabled audio source
Can not play a disabled audio source
Can not play a disabled audio source
Can not play a disabled audio source
Can not play a disabled audio source
Can not play a disabled audio source
Started loading clips for Bone Record Bone_East_14
Started loading clips for Bone Record Greymoor_flooded_corridor
Started loading clips for Bone Record Understore_Map_Room
Started loading clips for Bone Record Wisp Top
Started loading clips for Weaver Totem Bonetown_upper_room
Started loading clips for Weaver Totem Witch
Started loading clips for Weaver Totem Slab_Bottom
Started loading clips for Seal Chit Aspid_01
Started loading clips for Seal Chit Ward Corpse
Started loading clips for Seal Chit City Merchant
Started loading clips for Seal Chit Silk Siphon
Started loading clips for Weaver Record Weave_08
Started loading clips for Weaver Record Sprint_Challenge
Started loading clips for Weaver Record Conductor
Started loading clips for Ancient Egg Abyss Middle
Started loading clips for Psalm Cylinder Librarian
Started loading clips for Psalm Cylinder Ward
Started loading clips for Psalm Cylinder Hang
Started loading clips for Psalm Cylinder Grindle
Started loading clips for Psalm Cylinder Library Roof
Started loading clips for Librarian Melody Cylinder
Finished loading gramaphone clip for Psalm Cylinder Librarian
Finished loading gramaphone clip for Psalm Cylinder Ward
Finished loading gramaphone clip for Psalm Cylinder Hang
Finished loading gramaphone clip for Psalm Cylinder Grindle
Finished loading gramaphone clip for Psalm Cylinder Library Roof
Finished loading gramaphone clip for Librarian Melody Cylinder
Finished loading needolin clip for Librarian Melody Cylinder
Freed clips for Bone Record Bone_East_14
Freed clips for Bone Record Greymoor_flooded_corridor
Freed clips for Bone Record Understore_Map_Room
Freed clips for Bone Record Wisp Top
Freed clips for Weaver Totem Bonetown_upper_room
Freed clips for Weaver Totem Witch
Freed clips for Weaver Totem Slab_Bottom
Freed clips for Seal Chit Aspid_01
Freed clips for Seal Chit Ward Corpse
Freed clips for Seal Chit City Merchant
Freed clips for Seal Chit Silk Siphon
Freed clips for Weaver Record Weave_08
Freed clips for Weaver Record Sprint_Challenge
Freed clips for Weaver Record Conductor
Freed clips for Ancient Egg Abyss Middle
Freed clips for Psalm Cylinder Librarian
Freed clips for Psalm Cylinder Ward
Freed clips for Psalm Cylinder Hang
Freed clips for Psalm Cylinder Grindle
Freed clips for Psalm Cylinder Library Roof
Freed clips for Librarian Melody Cylinder
Can not play a disabled audio source
Can not play a disabled audio source
Can not play a disabled audio source
Unloading 1 Unused Serialized files (Serialized files now loaded: 677)
UnloadTime: 5.842900 ms
Unexpected timestamp values detected. This can occur in H.264 videos not encoded with the baseline profile. Timestamps will be skewed to correct the playback for archive:/CAB-965c2a5f50b73f63c5ea1427a8f3d5b1/CAB-965c2a5f50b73f63c5ea1427a8f3d5b1.resource
Unloading 6919 unused Assets to reduce memory usage. Loaded Objects now: 141552.
Total: 69.073700 ms (FindLiveObjects: 8.101000 ms CreateObjectMapping: 3.464200 ms MarkObjects: 43.016500 ms  DeleteObjects: 14.491000 ms)

Unloading 1 Unused Serialized files (Serialized files now loaded: 640)
Unloading 14 unused Assets to reduce memory usage. Loaded Objects now: 150164.
Total: 52.355400 ms (FindLiveObjects: 6.834700 ms CreateObjectMapping: 2.806800 ms MarkObjects: 42.495300 ms  DeleteObjects: 0.218200 ms)

Coroutine couldn't be started because the the game object 'Camera Wind Region' is inactive!
Unloading 1 Unused Serialized files (Serialized files now loaded: 641)
Unloading 2722 unused Assets to reduce memory usage. Loaded Objects now: 150072.
Total: 58.057800 ms (FindLiveObjects: 8.926600 ms CreateObjectMapping: 2.962500 ms MarkObjects: 40.092400 ms  DeleteObjects: 6.075700 ms)

Unloading 1 Unused Serialized files (Serialized files now loaded: 647)
UnloadTime: 4.863600 ms
Unloading 4280 unused Assets to reduce memory usage. Loaded Objects now: 141603.
Total: 58.240600 ms (FindLiveObjects: 7.619900 ms CreateObjectMapping: 2.963600 ms MarkObjects: 40.268300 ms  DeleteObjects: 7.388500 ms)

Unexpected timestamp values detected. This can occur in H.264 videos not encoded with the baseline profile. Timestamps will be skewed to correct the playback for archive:/CAB-965c2a5f50b73f63c5ea1427a8f3d5b1/CAB-965c2a5f50b73f63c5ea1427a8f3d5b1.resource
Unloading 1 Unused Serialized files (Serialized files now loaded: 651)
Unloading 17 unused Assets to reduce memory usage. Loaded Objects now: 156378.
Total: 49.817400 ms (FindLiveObjects: 7.461700 ms CreateObjectMapping: 2.759200 ms MarkObjects: 39.364700 ms  DeleteObjects: 0.231400 ms)

Only custom filters can be played. Please add a custom filter or an audioclip to the audiosource (Audio Player Actor).
Only custom filters can be played. Please add a custom filter or an audioclip to the audiosource (Audio Player Actor(Clone)).
Only custom filters can be played. Please add a custom filter or an audioclip to the audiosource (Audio Player Actor(Clone)(Clone)).
Only custom filters can be played. Please add a custom filter or an audioclip to the audiosource (Audio Player Actor).
Only custom filters can be played. Please add a custom filter or an audioclip to the audiosource (Audio Player Actor).
Only custom filters can be played. Please add a custom filter or an audioclip to the audiosource (Audio Player Actor).
Only custom filters can be played. Please add a custom filter or an audioclip to the audiosource (Audio Player Actor).
Only custom filters can be played. Please add a custom filter or an audioclip to the audiosource (Audio Player Actor(Clone)).
Only custom filters can be played. Please add a custom filter or an audioclip to the audiosource (Audio Player Actor(Clone)(Clone)).
Only custom filters can be played. Please add a custom filter or an audioclip to the audiosource (Audio Player Actor).
Only custom filters can be played. Please add a custom filter or an audioclip to the audiosource (Audio Player Actor).
Cannot use 'linearVelocity' on a static body.
Unloading 1 Unused Serialized files (Serialized files now loaded: 652)
Unloading 4433 unused Assets to reduce memory usage. Loaded Objects now: 156511.
Total: 63.567000 ms (FindLiveObjects: 9.498400 ms CreateObjectMapping: 2.885700 ms MarkObjects: 41.241200 ms  DeleteObjects: 9.940900 ms)

Could Not Create Action: : Dialogue: Churchkeeper:  (Maybe the script was removed?)
Started loading clips for Psalm Cylinder Librarian
Started loading clips for Psalm Cylinder Ward
Started loading clips for Psalm Cylinder Hang
Started loading clips for Psalm Cylinder Grindle
Started loading clips for Psalm Cylinder Library Roof
Started loading clips for Librarian Melody Cylinder
Finished loading gramaphone clip for Psalm Cylinder Librarian
Finished loading gramaphone clip for Psalm Cylinder Ward
Finished loading gramaphone clip for Psalm Cylinder Hang
Finished loading gramaphone clip for Psalm Cylinder Grindle
Finished loading gramaphone clip for Psalm Cylinder Library Roof
Finished loading gramaphone clip for Librarian Melody Cylinder
Finished loading needolin clip for Librarian Melody Cylinder
Freed clips for Psalm Cylinder Librarian
Freed clips for Psalm Cylinder Ward
Freed clips for Psalm Cylinder Hang
Freed clips for Psalm Cylinder Grindle
Freed clips for Psalm Cylinder Library Roof
Freed clips for Librarian Melody Cylinder
Unloading 1 Unused Serialized files (Serialized files now loaded: 674)
Unloading 4151 unused Assets to reduce memory usage. Loaded Objects now: 156638.
Total: 71.184100 ms (FindLiveObjects: 7.286800 ms CreateObjectMapping: 3.208300 ms MarkObjects: 43.577000 ms  DeleteObjects: 17.111700 ms)

Unloading 1 Unused Serialized files (Serialized files now loaded: 680)
UnloadTime: 8.055000 ms
Unexpected timestamp values detected. This can occur in H.264 videos not encoded with the baseline profile. Timestamps will be skewed to correct the playback for archive:/CAB-965c2a5f50b73f63c5ea1427a8f3d5b1/CAB-965c2a5f50b73f63c5ea1427a8f3d5b1.resource
Unloading 4715 unused Assets to reduce memory usage. Loaded Objects now: 141808.
Total: 52.382700 ms (FindLiveObjects: 7.226600 ms CreateObjectMapping: 4.049700 ms MarkObjects: 32.729000 ms  DeleteObjects: 8.376600 ms)

Unloading 1 Unused Serialized files (Serialized files now loaded: 640)
Unloading 65 unused Assets to reduce memory usage. Loaded Objects now: 154694.
Total: 40.453500 ms (FindLiveObjects: 8.092600 ms CreateObjectMapping: 2.750000 ms MarkObjects: 28.718000 ms  DeleteObjects: 0.892600 ms)

gameObject1 is null!
Cannot use 'linearVelocity' on a static body.
Unloading 1 Unused Serialized files (Serialized files now loaded: 647)
Unloading 2721 unused Assets to reduce memory usage. Loaded Objects now: 154718.
Total: 68.524600 ms (FindLiveObjects: 9.508100 ms CreateObjectMapping: 2.993500 ms MarkObjects: 43.658000 ms  DeleteObjects: 12.364700 ms)

Unloading 1 Unused Serialized files (Serialized files now loaded: 664)
UnloadTime: 8.688300 ms
Unexpected timestamp values detected. This can occur in H.264 videos not encoded with the baseline profile. Timestamps will be skewed to correct the playback for archive:/CAB-965c2a5f50b73f63c5ea1427a8f3d5b1/CAB-965c2a5f50b73f63c5ea1427a8f3d5b1.resource
Unloading 4943 unused Assets to reduce memory usage. Loaded Objects now: 142073.
Total: 56.411100 ms (FindLiveObjects: 7.835700 ms CreateObjectMapping: 2.961200 ms MarkObjects: 37.509900 ms  DeleteObjects: 8.104100 ms)

Unloading 1 Unused Serialized files (Serialized files now loaded: 628)
Unloading 173 unused Assets to reduce memory usage. Loaded Objects now: 151365.
Total: 43.173000 ms (FindLiveObjects: 7.999300 ms CreateObjectMapping: 2.783500 ms MarkObjects: 31.113700 ms  DeleteObjects: 1.276200 ms)

Can not play a disabled audio source
Can not play a disabled audio source
Can not play a disabled audio source
Can not play a disabled audio source
Started loading clips for Bone Record Bone_East_14
Started loading clips for Bone Record Greymoor_flooded_corridor
Started loading clips for Bone Record Understore_Map_Room
Started loading clips for Bone Record Wisp Top
Started loading clips for Weaver Totem Bonetown_upper_room
Started loading clips for Weaver Totem Witch
Started loading clips for Weaver Totem Slab_Bottom
Started loading clips for Seal Chit Aspid_01
Started loading clips for Seal Chit Ward Corpse
Started loading clips for Seal Chit City Merchant
Started loading clips for Seal Chit Silk Siphon
Started loading clips for Weaver Record Weave_08
Started loading clips for Weaver Record Sprint_Challenge
Started loading clips for Weaver Record Conductor
Started loading clips for Ancient Egg Abyss Middle
Started loading clips for Psalm Cylinder Librarian
Started loading clips for Psalm Cylinder Ward
Started loading clips for Psalm Cylinder Hang
Started loading clips for Psalm Cylinder Grindle
Started loading clips for Psalm Cylinder Library Roof
Started loading clips for Librarian Melody Cylinder
Finished loading gramaphone clip for Psalm Cylinder Librarian
Finished loading gramaphone clip for Psalm Cylinder Ward
Finished loading gramaphone clip for Psalm Cylinder Hang
Finished loading gramaphone clip for Psalm Cylinder Grindle
Finished loading gramaphone clip for Psalm Cylinder Library Roof
Finished loading gramaphone clip for Librarian Melody Cylinder
Finished loading needolin clip for Librarian Melody Cylinder
Freed clips for Bone Record Bone_East_14
Freed clips for Bone Record Greymoor_flooded_corridor
Freed clips for Bone Record Understore_Map_Room
Freed clips for Bone Record Wisp Top
Freed clips for Weaver Totem Bonetown_upper_room
Freed clips for Weaver Totem Witch
Freed clips for Weaver Totem Slab_Bottom
Freed clips for Seal Chit Aspid_01
Freed clips for Seal Chit Ward Corpse
Freed clips for Seal Chit City Merchant
Freed clips for Seal Chit Silk Siphon
Freed clips for Weaver Record Weave_08
Freed clips for Weaver Record Sprint_Challenge
Freed clips for Weaver Record Conductor
Freed clips for Ancient Egg Abyss Middle
Freed clips for Psalm Cylinder Librarian
Freed clips for Psalm Cylinder Ward
Freed clips for Psalm Cylinder Hang
Freed clips for Psalm Cylinder Grindle
Freed clips for Psalm Cylinder Library Roof
Freed clips for Librarian Melody Cylinder
Can not play a disabled audio source
Can not play a disabled audio source
Can not play a disabled audio source
Unloading 1 Unused Serialized files (Serialized files now loaded: 677)
UnloadTime: 5.691300 ms
Unexpected timestamp values detected. This can occur in H.264 videos not encoded with the baseline profile. Timestamps will be skewed to correct the playback for archive:/CAB-965c2a5f50b73f63c5ea1427a8f3d5b1/CAB-965c2a5f50b73f63c5ea1427a8f3d5b1.resource
Unloading 6919 unused Assets to reduce memory usage. Loaded Objects now: 141776.
Total: 68.483500 ms (FindLiveObjects: 8.097700 ms CreateObjectMapping: 3.376100 ms MarkObjects: 40.877200 ms  DeleteObjects: 16.132300 ms)

Unloading 1 Unused Serialized files (Serialized files now loaded: 645)
Unloading 48 unused Assets to reduce memory usage. Loaded Objects now: 150982.
Total: 49.409200 ms (FindLiveObjects: 6.872200 ms CreateObjectMapping: 2.694600 ms MarkObjects: 39.609200 ms  DeleteObjects: 0.232900 ms)

Next area display "Next Area Right (2)" in "Arborium" did not have map scene parent.
Unloading 1 Unused Serialized files (Serialized files now loaded: 653)
Unloading 3357 unused Assets to reduce memory usage. Loaded Objects now: 151104.
Total: 58.035500 ms (FindLiveObjects: 6.987100 ms CreateObjectMapping: 2.945700 ms MarkObjects: 39.046300 ms  DeleteObjects: 9.056200 ms)

Can not play a disabled audio source
Unloading 1 Unused Serialized files (Serialized files now loaded: 659)
UnloadTime: 5.645500 ms
Unexpected timestamp values detected. This can occur in H.264 videos not encoded with the baseline profile. Timestamps will be skewed to correct the playback for archive:/CAB-965c2a5f50b73f63c5ea1427a8f3d5b1/CAB-965c2a5f50b73f63c5ea1427a8f3d5b1.resource
Unloading 4035 unused Assets to reduce memory usage. Loaded Objects now: 141267.
Total: 57.576500 ms (FindLiveObjects: 8.215800 ms CreateObjectMapping: 3.510000 ms MarkObjects: 38.142500 ms  DeleteObjects: 7.707400 ms)

Unloading 1 Unused Serialized files (Serialized files now loaded: 646)
Unloading 70 unused Assets to reduce memory usage. Loaded Objects now: 151608.
Total: 49.077900 ms (FindLiveObjects: 6.908100 ms CreateObjectMapping: 2.784400 ms MarkObjects: 38.710100 ms  DeleteObjects: 0.674900 ms)

Can not play a disabled audio source
Can not play a disabled audio source
Can not play a disabled audio source
Can not play a disabled audio source
Started loading clips for Bone Record Bone_East_14
Started loading clips for Bone Record Greymoor_flooded_corridor
Started loading clips for Bone Record Understore_Map_Room
Started loading clips for Bone Record Wisp Top
Started loading clips for Weaver Totem Bonetown_upper_room
Started loading clips for Weaver Totem Witch
Started loading clips for Weaver Totem Slab_Bottom
Started loading clips for Seal Chit Aspid_01
Started loading clips for Seal Chit Ward Corpse
Started loading clips for Seal Chit City Merchant
Started loading clips for Seal Chit Silk Siphon
Started loading clips for Weaver Record Weave_08
Started loading clips for Weaver Record Sprint_Challenge
Started loading clips for Weaver Record Conductor
Started loading clips for Ancient Egg Abyss Middle
Started loading clips for Psalm Cylinder Librarian
Started loading clips for Psalm Cylinder Ward
Started loading clips for Psalm Cylinder Hang
Started loading clips for Psalm Cylinder Grindle
Started loading clips for Psalm Cylinder Library Roof
Started loading clips for Librarian Melody Cylinder
Finished loading gramaphone clip for Psalm Cylinder Librarian
Finished loading gramaphone clip for Psalm Cylinder Ward
Finished loading gramaphone clip for Psalm Cylinder Hang
Finished loading gramaphone clip for Psalm Cylinder Grindle
Finished loading gramaphone clip for Psalm Cylinder Library Roof
Finished loading gramaphone clip for Librarian Melody Cylinder
Finished loading needolin clip for Librarian Melody Cylinder
Freed clips for Bone Record Bone_East_14
Freed clips for Bone Record Greymoor_flooded_corridor
Freed clips for Bone Record Understore_Map_Room
Freed clips for Bone Record Wisp Top
Freed clips for Weaver Totem Bonetown_upper_room
Freed clips for Weaver Totem Witch
Freed clips for Weaver Totem Slab_Bottom
Freed clips for Seal Chit Aspid_01
Freed clips for Seal Chit Ward Corpse
Freed clips for Seal Chit City Merchant
Freed clips for Seal Chit Silk Siphon
Freed clips for Weaver Record Weave_08
Freed clips for Weaver Record Sprint_Challenge
Freed clips for Weaver Record Conductor
Freed clips for Ancient Egg Abyss Middle
Freed clips for Psalm Cylinder Librarian
Freed clips for Psalm Cylinder Ward
Freed clips for Psalm Cylinder Hang
Freed clips for Psalm Cylinder Grindle
Freed clips for Psalm Cylinder Library Roof
Freed clips for Librarian Melody Cylinder
Can not play a disabled audio source
Can not play a disabled audio source
Can not play a disabled audio source
Unloading 1 Unused Serialized files (Serialized files now loaded: 671)
Unloading 3157 unused Assets to reduce memory usage. Loaded Objects now: 151644.
Total: 63.643700 ms (FindLiveObjects: 8.185200 ms CreateObjectMapping: 2.858000 ms MarkObjects: 42.112200 ms  DeleteObjects: 10.487900 ms)

Unloading 1 Unused Serialized files (Serialized files now loaded: 677)
UnloadTime: 5.715200 ms
Unloading 3777 unused Assets to reduce memory usage. Loaded Objects now: 141804.
Total: 52.902500 ms (FindLiveObjects: 6.585400 ms CreateObjectMapping: 2.692500 ms MarkObjects: 38.240300 ms  DeleteObjects: 5.383600 ms)

Unexpected timestamp values detected. This can occur in H.264 videos not encoded with the baseline profile. Timestamps will be skewed to correct the playback for archive:/CAB-965c2a5f50b73f63c5ea1427a8f3d5b1/CAB-965c2a5f50b73f63c5ea1427a8f3d5b1.resource
Unloading 1 Unused Serialized files (Serialized files now loaded: 646)
Unloading 17 unused Assets to reduce memory usage. Loaded Objects now: 156842.
Total: 49.627900 ms (FindLiveObjects: 7.285800 ms CreateObjectMapping: 2.883800 ms MarkObjects: 39.192100 ms  DeleteObjects: 0.266000 ms)

Cannot use 'linearVelocity' on a static body.
Unloading 1 Unused Serialized files (Serialized files now loaded: 658)
Unloading 4352 unused Assets to reduce memory usage. Loaded Objects now: 157095.
Total: 66.597400 ms (FindLiveObjects: 7.776500 ms CreateObjectMapping: 3.012400 ms MarkObjects: 42.415600 ms  DeleteObjects: 13.392500 ms)

Unloading 1 Unused Serialized files (Serialized files now loaded: 661)
Scene Manager missing from scene Bellway_City
Scene Manager missing from scene Bellway_City
UnloadTime: 7.296200 ms
Unloading 4697 unused Assets to reduce memory usage. Loaded Objects now: 142285.
Total: 46.305200 ms (FindLiveObjects: 6.930700 ms CreateObjectMapping: 2.868700 ms MarkObjects: 29.851400 ms  DeleteObjects: 6.654100 ms)

Unexpected timestamp values detected. This can occur in H.264 videos not encoded with the baseline profile. Timestamps will be skewed to correct the playback for archive:/CAB-965c2a5f50b73f63c5ea1427a8f3d5b1/CAB-965c2a5f50b73f63c5ea1427a8f3d5b1.resource
Unloading 1 Unused Serialized files (Serialized files now loaded: 646)
Unloading 81 unused Assets to reduce memory usage. Loaded Objects now: 151955.
Total: 49.887300 ms (FindLiveObjects: 6.941300 ms CreateObjectMapping: 2.737200 ms MarkObjects: 39.475900 ms  DeleteObjects: 0.732700 ms)

Can not play a disabled audio source
Can not play a disabled audio source
Can not play a disabled audio source
Can not play a disabled audio source
Started loading clips for Bone Record Bone_East_14
Started loading clips for Bone Record Greymoor_flooded_corridor
Started loading clips for Bone Record Understore_Map_Room
Started loading clips for Bone Record Wisp Top
Started loading clips for Weaver Totem Bonetown_upper_room
Started loading clips for Weaver Totem Witch
Started loading clips for Weaver Totem Slab_Bottom
Started loading clips for Seal Chit Aspid_01
Started loading clips for Seal Chit Ward Corpse
Started loading clips for Seal Chit City Merchant
Started loading clips for Seal Chit Silk Siphon
Started loading clips for Weaver Record Weave_08
Started loading clips for Weaver Record Sprint_Challenge
Started loading clips for Weaver Record Conductor
Started loading clips for Ancient Egg Abyss Middle
Started loading clips for Psalm Cylinder Librarian
Started loading clips for Psalm Cylinder Ward
Started loading clips for Psalm Cylinder Hang
Started loading clips for Psalm Cylinder Grindle
Started loading clips for Psalm Cylinder Library Roof
Started loading clips for Librarian Melody Cylinder
Finished loading gramaphone clip for Psalm Cylinder Librarian
Finished loading gramaphone clip for Psalm Cylinder Ward
Finished loading gramaphone clip for Psalm Cylinder Hang
Finished loading gramaphone clip for Psalm Cylinder Grindle
Finished loading gramaphone clip for Psalm Cylinder Library Roof
Finished loading gramaphone clip for Librarian Melody Cylinder
Finished loading needolin clip for Librarian Melody Cylinder
Freed clips for Bone Record Bone_East_14
Freed clips for Bone Record Greymoor_flooded_corridor
Freed clips for Bone Record Understore_Map_Room
Freed clips for Bone Record Wisp Top
Freed clips for Weaver Totem Bonetown_upper_room
Freed clips for Weaver Totem Witch
Freed clips for Weaver Totem Slab_Bottom
Freed clips for Seal Chit Aspid_01
Freed clips for Seal Chit Ward Corpse
Freed clips for Seal Chit City Merchant
Freed clips for Seal Chit Silk Siphon
Freed clips for Weaver Record Weave_08
Freed clips for Weaver Record Sprint_Challenge
Freed clips for Weaver Record Conductor
Freed clips for Ancient Egg Abyss Middle
Freed clips for Psalm Cylinder Librarian
Freed clips for Psalm Cylinder Ward
Freed clips for Psalm Cylinder Hang
Freed clips for Psalm Cylinder Grindle
Freed clips for Psalm Cylinder Library Roof
Freed clips for Librarian Melody Cylinder
Couldn't find transition point "door4", falling back to first available: "door5"
Can not play a disabled audio source
Can not play a disabled audio source
Can not play a disabled audio source
Can not play a disabled audio source
Started loading clips for Bone Record Bone_East_14
Started loading clips for Bone Record Greymoor_flooded_corridor
Started loading clips for Bone Record Understore_Map_Room
Started loading clips for Bone Record Wisp Top
Started loading clips for Weaver Totem Bonetown_upper_room
Started loading clips for Weaver Totem Witch
Started loading clips for Weaver Totem Slab_Bottom
Started loading clips for Seal Chit Aspid_01
Started loading clips for Seal Chit Ward Corpse
Started loading clips for Seal Chit City Merchant
Started loading clips for Seal Chit Silk Siphon
Started loading clips for Weaver Record Weave_08
Started loading clips for Weaver Record Sprint_Challenge
Started loading clips for Weaver Record Conductor
Started loading clips for Ancient Egg Abyss Middle
Started loading clips for Psalm Cylinder Librarian
Started loading clips for Psalm Cylinder Ward
Started loading clips for Psalm Cylinder Hang
Started loading clips for Psalm Cylinder Grindle
Started loading clips for Psalm Cylinder Library Roof
Started loading clips for Librarian Melody Cylinder
Finished loading gramaphone clip for Psalm Cylinder Librarian
Finished loading gramaphone clip for Psalm Cylinder Ward
Finished loading gramaphone clip for Psalm Cylinder Hang
Finished loading gramaphone clip for Psalm Cylinder Grindle
Finished loading gramaphone clip for Psalm Cylinder Library Roof
Finished loading gramaphone clip for Librarian Melody Cylinder
Finished loading needolin clip for Librarian Melody Cylinder
Freed clips for Bone Record Bone_East_14
Freed clips for Bone Record Greymoor_flooded_corridor
Freed clips for Bone Record Understore_Map_Room
Freed clips for Bone Record Wisp Top
Freed clips for Weaver Totem Bonetown_upper_room
Freed clips for Weaver Totem Witch
Freed clips for Weaver Totem Slab_Bottom
Freed clips for Seal Chit Aspid_01
Freed clips for Seal Chit Ward Corpse
Freed clips for Seal Chit City Merchant
Freed clips for Seal Chit Silk Siphon
Freed clips for Weaver Record Weave_08
Freed clips for Weaver Record Sprint_Challenge
Freed clips for Weaver Record Conductor
Freed clips for Ancient Egg Abyss Middle
Freed clips for Psalm Cylinder Librarian
Freed clips for Psalm Cylinder Ward
Freed clips for Psalm Cylinder Hang
Freed clips for Psalm Cylinder Grindle
Freed clips for Psalm Cylinder Library Roof
Freed clips for Librarian Melody Cylinder
Can not play a disabled audio source
Can not play a disabled audio source
Can not play a disabled audio source
Can not play a disabled audio source
Unloading 1 Unused Serialized files (Serialized files now loaded: 677)
UnloadTime: 6.771600 ms
Unexpected timestamp values detected. This can occur in H.264 videos not encoded with the baseline profile. Timestamps will be skewed to correct the playback for archive:/CAB-965c2a5f50b73f63c5ea1427a8f3d5b1/CAB-965c2a5f50b73f63c5ea1427a8f3d5b1.resource
Unloading 7680 unused Assets to reduce memory usage. Loaded Objects now: 142266.
Total: 84.468900 ms (FindLiveObjects: 11.815800 ms CreateObjectMapping: 4.729300 ms MarkObjects: 49.118500 ms  DeleteObjects: 18.805100 ms)

Unloading 1 Unused Serialized files (Serialized files now loaded: 638)
Unloading 55 unused Assets to reduce memory usage. Loaded Objects now: 150692.
Total: 57.503300 ms (FindLiveObjects: 9.696800 ms CreateObjectMapping: 4.121700 ms MarkObjects: 42.814200 ms  DeleteObjects: 0.870200 ms)

Only custom filters can be played. Please add a custom filter or an audioclip to the audiosource (Audio Player Actor Distant V2(Clone)).
Coroutine couldn't be started because the the game object 'Glow Response floor_ring large1' is inactive!
Coroutine couldn't be started because the the game object 'Glow Response floor_ring large1' is inactive!
Coroutine couldn't be started because the the game object 'Glow Response floor_ring large1' is inactive!
Coroutine couldn't be started because the the game object 'Glow Response floor_ring large1' is inactive!
Coroutine couldn't be started because the the game object 'Glow Response floor_ring large1' is inactive!
Coroutine couldn't be started because the the game object 'Glow Response floor_ring large1' is inactive!
Coroutine couldn't be started because the the game object 'Glow Response floor_ring large1' is inactive!
Coroutine couldn't be started because the the game object 'Glow Response floor_ring large1' is inactive!
Coroutine couldn't be started because the the game object 'Glow Response floor_ring large1' is inactive!
Coroutine couldn't be started because the the game object 'Glow Response floor_ring large1' is inactive!
Coroutine couldn't be started because the the game object 'Glow Response floor_ring large1' is inactive!
Coroutine couldn't be started because the the game object 'Glow Response floor_ring large1' is inactive!
Coroutine couldn't be started because the the game object 'Glow Response floor_ring large1' is inactive!
Coroutine couldn't be started because the the game object 'Glow Response floor_ring large1' is inactive!
Coroutine couldn't be started because the the game object 'Glow Response floor_ring large1' is inactive!
Coroutine couldn't be started because the the game object 'Glow Response floor_ring large1' is inactive!
Coroutine couldn't be started because the the game object 'Glow Response floor_ring large1' is inactive!
Couldn't find transition point "door2", falling back to first available: "left2"
Can not play a disabled audio source
Can not play a disabled audio source
Can not play a disabled audio source
Can not play a disabled audio source
Can not play a disabled audio source
Can not play a disabled audio source
Can not play a disabled audio source
Can not play a disabled audio source
Coroutine couldn't be started because the the game object 'Camera Wind Region' is inactive!
Coroutine couldn't be started because the the game object 'Abyss Bullet(Clone)' is inactive!
Coroutine couldn't be started because the the game object 'Abyss Bullet(Clone)' is inactive!
Coroutine couldn't be started because the the game object 'Abyss Bullet(Clone)' is inactive!
Coroutine couldn't be started because the the game object 'Abyss Bullet(Clone)' is inactive!
Coroutine couldn't be started because the the game object 'Abyss Bullet(Clone)' is inactive!
Coroutine couldn't be started because the the game object 'Abyss Bullet(Clone)' is inactive!
Coroutine couldn't be started because the the game object 'Abyss Bullet(Clone)' is inactive!
Coroutine couldn't be started because the the game object 'Abyss Bullet(Clone)' is inactive!
Coroutine couldn't be started because the the game object 'Abyss Bullet(Clone)' is inactive!
Coroutine couldn't be started because the the game object 'Abyss Bullet(Clone)' is inactive!
Coroutine couldn't be started because the the game object 'Abyss Bullet(Clone)' is inactive!
Coroutine couldn't be started because the the game object 'Abyss Bullet(Clone)' is inactive!
Only custom filters can be played. Please add a custom filter or an audioclip to the audiosource (Audio Player Actor).
Only custom filters can be played. Please add a custom filter or an audioclip to the audiosource (Audio Player Actor).
Only custom filters can be played. Please add a custom filter or an audioclip to the audiosource (Audio Player Actor).
Only custom filters can be played. Please add a custom filter or an audioclip to the audiosource (Audio Player Actor).
Only custom filters can be played. Please add a custom filter or an audioclip to the audiosource (Audio Player Actor).
Only custom filters can be played. Please add a custom filter or an audioclip to the audiosource (Audio Player Actor).
Only custom filters can be played. Please add a custom filter or an audioclip to the audiosource (Audio Player Actor).
Only custom filters can be played. Please add a custom filter or an audioclip to the audiosource (Audio Player Actor).
Only custom filters can be played. Please add a custom filter or an audioclip to the audiosource (Audio Player Actor).
Only custom filters can be played. Please add a custom filter or an audioclip to the audiosource (Audio Player Actor).
Only custom filters can be played. Please add a custom filter or an audioclip to the audiosource (Audio Player Actor).
Only custom filters can be played. Please add a custom filter or an audioclip to the audiosource (Audio Player Actor).
Only custom filters can be played. Please add a custom filter or an audioclip to the audiosource (Audio Player Actor).
Only custom filters can be played. Please add a custom filter or an audioclip to the audiosource (Audio Player Actor).
Only custom filters can be played. Please add a custom filter or an audioclip to the audiosource (Audio Player Actor).
Only custom filters can be played. Please add a custom filter or an audioclip to the audiosource (Audio Player Actor).
Only custom filters can be played. Please add a custom filter or an audioclip to the audiosource (Audio Player Actor).
Only custom filters can be played. Please add a custom filter or an audioclip to the audiosource (Audio Player Actor).
Only custom filters can be played. Please add a custom filter or an audioclip to the audiosource (Audio Player Actor).
Only custom filters can be played. Please add a custom filter or an audioclip to the audiosource (Audio Player Actor).
Only custom filters can be played. Please add a custom filter or an audioclip to the audiosource (Audio Player Actor).
Only custom filters can be played. Please add a custom filter or an audioclip to the audiosource (Audio Player Actor).
Only custom filters can be played. Please add a custom filter or an audioclip to the audiosource (Audio Player Actor).
Only custom filters can be played. Please add a custom filter or an audioclip to the audiosource (Audio Player Actor).
Only custom filters can be played. Please add a custom filter or an audioclip to the audiosource (Audio Player Actor).
Coroutine couldn't be started because the the game object 'Abyss Bullet(Clone)' is inactive!
Coroutine couldn't be started because the the game object 'Abyss Bullet(Clone)' is inactive!
Coroutine couldn't be started because the the game object 'Abyss Bullet(Clone)' is inactive!
Coroutine couldn't be started because the the game object 'Abyss Bullet(Clone)' is inactive!
Coroutine couldn't be started because the the game object 'Abyss Bullet(Clone)' is inactive!
Coroutine couldn't be started because the the game object 'Abyss Bullet(Clone)' is inactive!
Coroutine couldn't be started because the the game object 'Abyss Bullet(Clone)' is inactive!
Coroutine couldn't be started because the the game object 'Abyss Bullet(Clone)' is inactive!
Coroutine couldn't be started because the the game object 'Abyss Bullet(Clone)' is inactive!
Coroutine couldn't be started because the the game object 'Abyss Bullet(Clone)' is inactive!
Coroutine couldn't be started because the the game object 'Abyss Bullet(Clone)' is inactive!
Coroutine couldn't be started because the the game object 'Abyss Bullet(Clone)' is inactive!
Only custom filters can be played. Please add a custom filter or an audioclip to the audiosource (Audio Player Actor).
Using fallback 1 to find tilemap. Scene Cinematic_Ending_E requires manual fixing.
Failed to find tilemap in Cinematic_Ending_E entirely.
Unloading 1 Unused Serialized files (Serialized files now loaded: 644)
UnloadTime: 1.372000 ms
Unloading 9906 unused Assets to reduce memory usage. Loaded Objects now: 146609.
Total: 82.104500 ms (FindLiveObjects: 8.554600 ms CreateObjectMapping: 3.679900 ms MarkObjects: 39.902300 ms  DeleteObjects: 29.967200 ms)

Attempting to set `time` on an audio source that has a resource assigned that is not a clip is ignored!
Coroutine couldn't be started because the the game object 'CutsceneScreen' is inactive!
Unloading 1 Unused Serialized files (Serialized files now loaded: 653)
UnloadTime: 2.422600 ms
Unloading 10 unused Assets to reduce memory usage. Loaded Objects now: 147708.
Total: 59.931600 ms (FindLiveObjects: 8.049300 ms CreateObjectMapping: 2.637800 ms MarkObjects: 38.910700 ms  DeleteObjects: 10.333400 ms)

Converting Vertex Colors from Color32 to Color.
Converting Vertex Colors from Color32 to Color.
Unloading 1 Unused Serialized files (Serialized files now loaded: 639)
UnloadTime: 3.383900 ms
Unloading 21 unused Assets to reduce memory usage. Loaded Objects now: 147649.
Total: 50.319200 ms (FindLiveObjects: 6.973900 ms CreateObjectMapping: 2.625200 ms MarkObjects: 40.283700 ms  DeleteObjects: 0.436100 ms)

Unloading 1 Unused Serialized files (Serialized files now loaded: 638)
UnloadTime: 1.684500 ms
Unloading 387 unused Assets to reduce memory usage. Loaded Objects now: 144338.
Total: 48.173300 ms (FindLiveObjects: 7.671600 ms CreateObjectMapping: 2.953300 ms MarkObjects: 36.605500 ms  DeleteObjects: 0.942300 ms)

Couldn't find GameCameras, make sure one exists in the scene.
Couldn't find GameCameras, make sure one exists in the scene.
Couldn't find GameCameras, make sure one exists in the scene.
Couldn't find GameCameras, make sure one exists in the scene.
Unloading 0 Unused Serialized files (Serialized files now loaded: 588)
Couldn't find GameCameras, make sure one exists in the scene.
Couldn't find GameCameras, make sure one exists in the scene.
Unloading 6705 unused Assets to reduce memory usage. Loaded Objects now: 27400.
Total: 44.035500 ms (FindLiveObjects: 1.023000 ms CreateObjectMapping: 0.689000 ms MarkObjects: 31.119600 ms  DeleteObjects: 11.203700 ms)

Couldn't find GameCameras, make sure one exists in the scene.
Couldn't find GameCameras, make sure one exists in the scene.
Couldn't find GameCameras, make sure one exists in the scene.
Couldn't find GameCameras, make sure one exists in the scene.
Couldn't find GameCameras, make sure one exists in the scene.
Couldn't find GameCameras, make sure one exists in the scene.
Couldn't find GameCameras, make sure one exists in the scene.
Couldn't find GameCameras, make sure one exists in the scene.
Couldn't find GameCameras, make sure one exists in the scene.
Couldn't find GameCameras, make sure one exists in the scene.
Couldn't find GameCameras, make sure one exists in the scene.
Couldn't find GameCameras, make sure one exists in the scene.
Couldn't find GameCameras, make sure one exists in the scene.
Couldn't find GameCameras, make sure one exists in the scene.
Couldn't find GameCameras, make sure one exists in the scene.
Couldn't find GameCameras, make sure one exists in the scene.
Couldn't find GameCameras, make sure one exists in the scene.
Couldn't find GameCameras, make sure one exists in the scene.
Couldn't find GameCameras, make sure one exists in the scene.
Couldn't find GameCameras, make sure one exists in the scene.
Couldn't find GameCameras, make sure one exists in the scene.
Couldn't find GameCameras, make sure one exists in the scene.
Couldn't find GameCameras, make sure one exists in the scene.
Couldn't find GameCameras, make sure one exists in the scene.
Couldn't find GameCameras, make sure one exists in the scene.
Couldn't find GameCameras, make sure one exists in the scene.
Couldn't find GameCameras, make sure one exists in the scene.
Couldn't find GameCameras, make sure one exists in the scene.
Couldn't find GameCameras, make sure one exists in the scene.
Couldn't find GameCameras, make sure one exists in the scene.
Couldn't find GameCameras, make sure one exists in the scene.
Couldn't find GameCameras, make sure one exists in the scene.
Couldn't find GameCameras, make sure one exists in the scene.
Couldn't find GameCameras, make sure one exists in the scene.
Couldn't find GameCameras, make sure one exists in the scene.
Couldn't find GameCameras, make sure one exists in the scene.
Couldn't find GameCameras, make sure one exists in the scene.
Couldn't find GameCameras, make sure one exists in the scene.
Couldn't find GameCameras, make sure one exists in the scene.
Couldn't find GameCameras, make sure one exists in the scene.
Couldn't find GameCameras, make sure one exists in the scene.
Couldn't find GameCameras, make sure one exists in the scene.
Couldn't find GameCameras, make sure one exists in the scene.
Couldn't find GameCameras, make sure one exists in the scene.
Couldn't find GameCameras, make sure one exists in the scene.
Couldn't find GameCameras, make sure one exists in the scene.
Couldn't find GameCameras, make sure one exists in the scene.
Couldn't find GameCameras, make sure one exists in the scene.
Couldn't find GameCameras, make sure one exists in the scene.
Couldn't find GameCameras, make sure one exists in the scene.
Couldn't find GameCameras, make sure one exists in the scene.
Couldn't find GameCameras, make sure one exists in the scene.
Couldn't find GameCameras, make sure one exists in the scene.
Couldn't find GameCameras, make sure one exists in the scene.
Couldn't find GameCameras, make sure one exists in the scene.
Couldn't find GameCameras, make sure one exists in the scene.
Couldn't find GameCameras, make sure one exists in the scene.
Couldn't find GameCameras, make sure one exists in the scene.
Couldn't find GameCameras, make sure one exists in the scene.
Couldn't find GameCameras, make sure one exists in the scene.
Couldn't find GameCameras, make sure one exists in the scene.
Couldn't find GameCameras, make sure one exists in the scene.
Couldn't find GameCameras, make sure one exists in the scene.
Couldn't find GameCameras, make sure one exists in the scene.
Couldn't find GameCameras, make sure one exists in the scene.
Couldn't find GameCameras, make sure one exists in the scene.
Couldn't find GameCameras, make sure one exists in the scene.
Couldn't find GameCameras, make sure one exists in the scene.
Couldn't find GameCameras, make sure one exists in the scene.
Couldn't find GameCameras, make sure one exists in the scene.
Couldn't find GameCameras, make sure one exists in the scene.
Couldn't find GameCameras, make sure one exists in the scene.
Couldn't find GameCameras, make sure one exists in the scene.
Couldn't find GameCameras, make sure one exists in the scene.
Couldn't find GameCameras, make sure one exists in the scene.
Couldn't find GameCameras, make sure one exists in the scene.
Couldn't find GameCameras, make sure one exists in the scene.
Couldn't find GameCameras, make sure one exists in the scene.
Couldn't find GameCameras, make sure one exists in the scene.
Couldn't find GameCameras, make sure one exists in the scene.
Couldn't find GameCameras, make sure one exists in the scene.
Couldn't find GameCameras, make sure one exists in the scene.
Couldn't find GameCameras, make sure one exists in the scene.
Couldn't find GameCameras, make sure one exists in the scene.
Couldn't find GameCameras, make sure one exists in the scene.
Couldn't find GameCameras, make sure one exists in the scene.
Couldn't find GameCameras, make sure one exists in the scene.
Couldn't find GameCameras, make sure one exists in the scene.
Couldn't find GameCameras, make sure one exists in the scene.
Couldn't find GameCameras, make sure one exists in the scene.
Couldn't find GameCameras, make sure one exists in the scene.
Couldn't find GameCameras, make sure one exists in the scene.
Couldn't find GameCameras, make sure one exists in the scene.
Couldn't find GameCameras, make sure one exists in the scene.
Couldn't find GameCameras, make sure one exists in the scene.
Couldn't find GameCameras, make sure one exists in the scene.
Couldn't find GameCameras, make sure one exists in the scene.
Couldn't find GameCameras, make sure one exists in the scene.
Couldn't find GameCameras, make sure one exists in the scene.
Couldn't find GameCameras, make sure one exists in the scene.
Couldn't find GameCameras, make sure one exists in the scene.
Couldn't find GameCameras, make sure one exists in the scene.
Couldn't find GameCameras, make sure one exists in the scene.
Couldn't find GameCameras, make sure one exists in the scene.
Couldn't find GameCameras, make sure one exists in the scene.
Couldn't find GameCameras, make sure one exists in the scene.
Couldn't find GameCameras, make sure one exists in the scene.
Couldn't find GameCameras, make sure one exists in the scene.
Couldn't find GameCameras, make sure one exists in the scene.
Couldn't find GameCameras, make sure one exists in the scene.
Couldn't find GameCameras, make sure one exists in the scene.
Couldn't find GameCameras, make sure one exists in the scene.
Couldn't find GameCameras, make sure one exists in the scene.
Couldn't find GameCameras, make sure one exists in the scene.
Couldn't find GameCameras, make sure one exists in the scene.
Couldn't find GameCameras, make sure one exists in the scene.
Couldn't find GameCameras, make sure one exists in the scene.
Couldn't find GameCameras, make sure one exists in the scene.
Couldn't find GameCameras, make sure one exists in the scene.
Couldn't find GameCameras, make sure one exists in the scene.
Couldn't find GameCameras, make sure one exists in the scene.
Couldn't find GameCameras, make sure one exists in the scene.
Couldn't find GameCameras, make sure one exists in the scene.
Couldn't find GameCameras, make sure one exists in the scene.
Couldn't find GameCameras, make sure one exists in the scene.
Couldn't find GameCameras, make sure one exists in the scene.
Couldn't find GameCameras, make sure one exists in the scene.
Couldn't find GameCameras, make sure one exists in the scene.
Couldn't find GameCameras, make sure one exists in the scene.
Couldn't find GameCameras, make sure one exists in the scene.
Couldn't find GameCameras, make sure one exists in the scene.
Couldn't find GameCameras, make sure one exists in the scene.
Couldn't find GameCameras, make sure one exists in the scene.
Couldn't find GameCameras, make sure one exists in the scene.
Couldn't find GameCameras, make sure one exists in the scene.
Couldn't find GameCameras, make sure one exists in the scene.
Couldn't find GameCameras, make sure one exists in the scene.
Couldn't find GameCameras, make sure one exists in the scene.
Couldn't find GameCameras, make sure one exists in the scene.
Couldn't find GameCameras, make sure one exists in the scene.
Couldn't find GameCameras, make sure one exists in the scene.
Couldn't find GameCameras, make sure one exists in the scene.
Couldn't find GameCameras, make sure one exists in the scene.
Couldn't find GameCameras, make sure one exists in the scene.
Couldn't find GameCameras, make sure one exists in the scene.
Couldn't find GameCameras, make sure one exists in the scene.
Couldn't find GameCameras, make sure one exists in the scene.
Couldn't find GameCameras, make sure one exists in the scene.
Couldn't find GameCameras, make sure one exists in the scene.
Couldn't find GameCameras, make sure one exists in the scene.
Couldn't find GameCameras, make sure one exists in the scene.
Couldn't find GameCameras, make sure one exists in the scene.
Couldn't find GameCameras, make sure one exists in the scene.
Couldn't find GameCameras, make sure one exists in the scene.
Couldn't find GameCameras, make sure one exists in the scene.
Couldn't find GameCameras, make sure one exists in the scene.
Couldn't find GameCameras, make sure one exists in the scene.
Couldn't find GameCameras, make sure one exists in the scene.
Couldn't find GameCameras, make sure one exists in the scene.
Couldn't find GameCameras, make sure one exists in the scene.
Couldn't find GameCameras, make sure one exists in the scene.
Couldn't find GameCameras, make sure one exists in the scene.
Couldn't find GameCameras, make sure one exists in the scene.
Couldn't find GameCameras, make sure one exists in the scene.
Couldn't find GameCameras, make sure one exists in the scene.
Couldn't find GameCameras, make sure one exists in the scene.
Unloading 1 Unused Serialized files (Serialized files now loaded: 640)
Couldn't find GameCameras, make sure one exists in the scene.
Couldn't find GameCameras, make sure one exists in the scene.
UnloadTime: 0.717900 ms
Loaded saved language code 'EN'
Restored language code 'EN'
Unloading 5675 unused Assets to reduce memory usage. Loaded Objects now: 68101.
Total: 31.377000 ms (FindLiveObjects: 2.608200 ms CreateObjectMapping: 1.586000 ms MarkObjects: 19.214400 ms  DeleteObjects: 7.967900 ms)

Unloading 1 Unused Serialized files (Serialized files now loaded: 638)
Unloading 0 unused Assets to reduce memory usage. Loaded Objects now: 68102.
Total: 32.477100 ms (FindLiveObjects: 2.868800 ms CreateObjectMapping: 1.423300 ms MarkObjects: 28.085400 ms  DeleteObjects: 0.099200 ms)

Shutting down Steam API.
[Physics::Module] Cleanup current backned.
[Physics::Module] Id: 0xf2b8ea05
Input System module state changed to: ShutdownInProgress.
Input System polling thread exited.
Input System module state changed to: Shutdown.
